Android~/UnityMobileInput/app/build/intermediates/manifest_merge_blame_file/debug/manifest-merger-blame-debug-report.txt
1<?xml version="1.0" encoding="utf-8"?>
2<manifest xmlns:android="http://schemas.android.com/apk/res/android"
3    package="ru.mopsicus.unitymobileinput"
4    android:versionCode="1"
5    android:versionName="1.0" >
6
7    <uses-sdk
8        android:minSdkVersion="19"
8-->src/main/AndroidManifest.xml
9        android:targetSdkVersion="29" />
9-->[androidx.appcompat:appcompat:1.2.0] AndroidManifest.xml:22:9-38
10
11    <application
11-->src/main/AndroidManifest.xml:4:5-10:43
12        android:allowBackup="true"
12-->src/main/AndroidManifest.xml:5:9-35
13        android:appComponentFactory="androidx.core.app.CoreComponentFactory"
13-->[androidx.core:core:1.3.0] AndroidManifest.xml:24:18-86
14        android:debuggable="true"
15        android:icon="@mipmap/ic_launcher"
15-->src/main/AndroidManifest.xml:6:9-43
16        android:label="@string/app_name"
16-->src/main/AndroidManifest.xml:7:9-41
17        android:roundIcon="@mipmap/ic_launcher_round"
17-->src/main/AndroidManifest.xml:8:9-54
18        android:supportsRtl="true"
18-->src/main/AndroidManifest.xml:9:9-35
19        android:theme="@style/AppTheme" />
19-->src/main/AndroidManifest.xml:10:9-40
20
21</manifest>